This is LuaTeX, Version 1.0.4 (TeX Live 2017/W32TeX)  (format=lualatex 2018.1.9)  9 JAN 2018 17:49
 restricted system commands enabled.
**husttrans.ins
(./husttrans.ins
LaTeX2e <2017-04-15>
Lua module: luaotfload-main 2017/01/29 2.80001 OpenType layout system.
Lua module: lualibs 2017-02-01 2.5 ConTeXt Lua standard libraries.
Lua module: lualibs-extended 2017-02-01 2.5 ConTeXt Lua libraries -- extended co
llection.(using cache: D:/texlive/2017/texmf-var/luatex-cache/generic)
luaotfload | conf : Root cache directory is D:/texlive/2017/texmf-var/luatex-cac
he/generic/names.
luaotfload | init : Loading fontloader “fontloader-2017-02-11.lua” from kpse
-resolved path “d:/texlive/2017/texmf-dist/tex/luatex/luaotfload/fontloader-20
17-02-11.lua”.
Lua-only attribute luaotfload@state = 1
Lua-only attribute luaotfload@noligature = 2
Lua-only attribute luaotfload@syllabe = 3
luaotfload | init : Context OpenType loader version “3.027”
Inserting `luaotfload.node_processor' at position 1 in `pre_linebreak_filter'.
Inserting `luaotfload.node_processor' at position 1 in `hpack_filter'.
Inserting `luaotfload.define_font' at position 1 in `define_font'.
Lua-only attribute luaotfload_color_attribute = 4
luaotfload | conf : Root cache directory is D:/texlive/2017/texmf-var/luatex-cac
he/generic/names.
Inserting `luaotfload.aux.set_sscale_dimens' at position 1 in `luaotfload.patch_
font'.
Inserting `luaotfload.aux.patch_cambria_domh' at position 2 in `luaotfload.patch
_font'.
Inserting `luaotfload.aux.fixup_fontdata' at position 1 in `luaotfload.patch_fon
t_unsafe'.
Inserting `luaotfload.aux.set_capheight' at position 3 in `luaotfload.patch_font
'.
Inserting `luaotfload.rewrite_fontname' at position 4 in `luaotfload.patch_font'
.
luaotfload | main : initialization completed in 0.750 seconds
Babel <3.16> and hyphenation patterns for 1 language(s) loaded.
(d:/texlive/2017/texmf-dist/tex/latex/l3kernel/l3docstrip.tex
(d:/texlive/2017/texmf-dist/tex/latex/base/docstrip.tex
\blockLevel=\count79
\emptyLines=\count80
\processedLines=\count81
\commentsRemoved=\count82
\commentsPassed=\count83
\codeLinesPassed=\count84
\TotalprocessedLines=\count85
\TotalcommentsRemoved=\count86
\TotalcommentsPassed=\count87
\TotalcodeLinesPassed=\count88
\NumberOfFiles=\count89
\inFile=\read1
\inputcheck=\read2
\off@0=\count90
\off@1=\count91
\off@2=\count92
\off@3=\count93
\off@4=\count94
\off@5=\count95
\off@6=\count96
\off@7=\count97
\off@8=\count98
\off@9=\count99
\off@10=\count100
\off@11=\count101
\off@12=\count102
\off@13=\count103
\off@14=\count104
\off@15=\count105
\@maxfiles=\count106
\@maxoutfiles=\count107

Utility: `docstrip' 2.5e <2014/09/29>
English documentation    <2017/03/13>

**********************************************************
* This program converts documented macro-files into fast *
* loadable files by stripping off (nearly) all comments! *
**********************************************************

********************************************************
* No Configuration file found, using default settings. *
********************************************************

))

Generating file(s) ./husttrans.cls ./husttrans-example.tex ./ref-example.bib 

\openout0 = ./husttrans.cls

\openout1 = ./husttrans-example.tex

\openout2 = ./ref-example.bib

Processing file husttrans.dtx (class) -> husttrans.cls
                              (example) -> husttrans-example.tex
                              (example-bib) -> ref-example.bib
File husttrans.dtx ended by \endinput.
Lines  processed: 1588
Comments removed: 686
Comments  passed: 17
Codelines passed: 0

*********************************************************
*
* To finish the installation you have to move the
* following file into a directory searched by TeX:
*
*   husttrans.cls
*
* To produce the documentation run the file husttrans.dtx
* through LuaLaTeX.
*
* Happy TeXing!
*
*********************************************************
)

Here is how much of LuaTeX's memory you used:
 360 strings out of 494478
 100000,89155 words of node,token memory allocated
 239 words of node memory still in use:
   35 glue_spec nodes
   avail lists: 2:12,3:1,4:1,5:1
 4588 multiletter control sequences out of 65536+600000
 14 fonts using 418323 bytes
 12i,0n,15p,339b,121s stack positions out of 5000i,500n,10000p,200000b,100000s

warning  (pdf backend): no pages of output.

PDF statistics: 0 PDF objects out of 1000 (max. 8388607)
 0 named destinations out of 1000 (max. 131072)
 1 words of extra memory for PDF output out of 10000 (max. 100000000)

