\BOOKMARK [0][]{目录.0}{\376\377\166\356\137\125}{}% 1
\BOOKMARK [0][]{chapter.1}{\376\377\0001\000\040\117\040\217\223\176\277}{}% 2
\BOOKMARK [1][-]{section.1.1}{\376\377\0001\000.\0001\000\040\117\040\217\223\176\277\127\372\170\100}{chapter.1}% 3
\BOOKMARK [2][-]{subsection.1.1.1}{\376\377\0001\000.\0001\000.\0001\000\040\117\040\217\223\176\277\166\204\174\173\127\213}{section.1.1}% 4
\BOOKMARK [2][-]{subsection.1.1.2}{\376\377\0001\000.\0001\000.\0002\000\040\136\163\210\141\176\277\116\016\227\136\136\163\210\141\176\277}{section.1.1}% 5
\BOOKMARK [2][-]{subsection.1.1.3}{\376\377\0001\000.\0001\000.\0003\000\040\165\065\177\006\154\342\225\177}{section.1.1}% 6
\BOOKMARK [2][-]{subsection.1.1.4}{\376\377\0001\000.\0001\000.\0004\000\040\217\336\143\245\126\150}{section.1.1}% 7
\BOOKMARK [2][-]{subsection.1.1.5}{\376\377\0001\000.\0001\000.\0005\000\040\162\171\140\047\226\073\142\227}{section.1.1}% 8
\BOOKMARK [2][-]{subsection.1.1.6}{\376\377\0001\000.\0001\000.\0006\000\040\220\037\136\246\126\340\133\120}{section.1.1}% 9
\BOOKMARK [2][-]{subsection.1.1.7}{\376\377\0001\000.\0001\000.\0007\000\040\145\366\225\364\136\366\217\337}{section.1.1}% 10
\BOOKMARK [2][-]{subsection.1.1.8}{\376\377\0001\000.\0001\000.\0008\000\040\117\040\217\223\176\277\211\304\150\074}{section.1.1}% 11
\BOOKMARK [1][-]{section.1.2}{\376\377\0001\000.\0002\000\040\232\173\154\342}{chapter.1}% 12
\BOOKMARK [2][-]{subsection.1.2.1}{\376\377\0001\000.\0002\000.\0001\000\040\123\315\134\004\116\016\232\173\154\342\116\113\225\364\166\204\121\163\174\373}{section.1.2}% 13
\BOOKMARK [2][-]{subsection.1.2.2}{\376\377\0001\000.\0002\000.\0002\000\040\123\071\221\115\176\277}{section.1.2}% 14
\BOOKMARK [2][-]{subsection.1.2.3}{\376\377\0001\000.\0002\000.\0003\000\040\167\355\215\357\176\277}{section.1.2}% 15
\BOOKMARK [2][-]{subsection.1.2.4}{\376\377\0001\000.\0002\000.\0004\000\040\137\000\215\357\176\277}{section.1.2}% 16
\BOOKMARK [2][-]{subsection.1.2.5}{\376\377\0001\000.\0002\000.\0005\000\040\116\015\123\071\221\115\377\010\121\161\143\057\377\011\176\277}{section.1.2}% 17
\BOOKMARK [2][-]{subsection.1.2.6}{\376\377\0001\000.\0002\000.\0006\000\040\213\241\173\227\232\173\154\342\153\324}{section.1.2}% 18
\BOOKMARK [1][-]{section.1.3}{\376\377\0001\000.\0003\000\040\117\040\217\223\176\277\117\134\116\072\165\065\215\357\121\103\116\366}{chapter.1}% 19
\BOOKMARK [2][-]{subsection.1.3.1}{\376\377\0001\000.\0003\000.\0001\000\040\214\020\143\057\165\065\215\357\124\214\123\315\136\224\121\103\116\366}{section.1.3}% 20
\BOOKMARK [2][-]{subsection.1.3.2}{\376\377\0001\000.\0003\000.\0002\000\040\136\046\162\266\176\277\124\214\137\256\136\046}{section.1.3}% 21
\BOOKMARK [1][-]{section.1.4}{\376\377\0001\000.\0004\000\040\123\362\133\306\145\257\126\376}{chapter.1}% 22
\BOOKMARK [2][-]{subsection.1.4.1}{\376\377\0001\000.\0004\000.\0001\000\040\176\330\122\066\124\214\213\373\123\326\226\073\142\227\120\074}{section.1.4}% 23
\BOOKMARK [2][-]{subsection.1.4.2}{\376\377\0001\000.\0004\000.\0002\000\040\154\342\225\177\150\007\134\072}{section.1.4}% 24
\BOOKMARK [2][-]{subsection.1.4.3}{\376\377\0001\000.\0004\000.\0003\000\040\000S\000W\000R\127\010}{section.1.4}% 25
\BOOKMARK [2][-]{subsection.1.4.4}{\376\377\0001\000.\0004\000.\0004\000\040\117\177\165\050\123\362\133\306\145\257\127\006\126\376\377\032\117\213\133\120}{section.1.4}% 26
\BOOKMARK [1][-]{section.1.5}{\376\377\0001\000.\0005\000\040\147\054\172\340\126\336\230\176}{chapter.1}% 27
